<?xml version="1.0" encoding="UTF-8"?>
<testsuite name="src.AppTest" tests="6" skipped="0" failures="0" errors="0" timestamp="2022-03-05T15:23:43" hostname="DESKTOP-257SAGB" time="0.058">
  <properties/>
  <testcase name="multipleInsertLinkedList()" classname="src.AppTest" time="0.037"/>
  <testcase name="emptyLinkList()" classname="src.AppTest" time="0.006"/>
  <testcase name="findValue()" classname="src.AppTest" time="0.005"/>
  <testcase name="notFindValue()" classname="src.AppTest" time="0.001"/>
  <testcase name="collectionValue()" classname="src.AppTest" time="0.001"/>
  <testcase name="insertLinkedList()" classname="src.AppTest" time="0.001"/>
  <system-out><![CDATA[]]></system-out>
  <system-err><![CDATA[]]></system-err>
</testsuite>
